d:\c++\c++ 포트폴리오\github\ff6\finalfantasy\debug\finalfantasy.pch
d:\c++\c++ 포트폴리오\github\ff6\finalfantasy\debug\vc141.pdb
d:\c++\c++ 포트폴리오\github\ff6\finalfantasy\debug\vc141.idb
d:\c++\c++ 포트폴리오\github\ff6\finalfantasy\debug\stdafx.obj
d:\c++\c++ 포트폴리오\github\ff6\finalfantasy\debug\playermother.obj
d:\c++\c++ 포트폴리오\github\ff6\finalfantasy\debug\playground.obj
d:\c++\c++ 포트폴리오\github\ff6\finalfantasy\debug\progressbar.obj
d:\c++\c++ 포트폴리오\github\ff6\finalfantasy\debug\samurai.obj
d:\c++\c++ 포트폴리오\github\ff6\finalfantasy\debug\saveloadmenu.obj
d:\c++\c++ 포트폴리오\github\ff6\finalfantasy\debug\scenemanager.obj
d:\c++\c++ 포트폴리오\github\ff6\finalfantasy\debug\shadow.obj
d:\c++\c++ 포트폴리오\github\ff6\finalfantasy\debug\siren.obj
d:\c++\c++ 포트폴리오\github\ff6\finalfantasy\debug\soundmanager.obj
d:\c++\c++ 포트폴리오\github\ff6\finalfantasy\debug\statusmenu.obj
d:\c++\c++ 포트폴리오\github\ff6\finalfantasy\debug\tile.obj
d:\c++\c++ 포트폴리오\github\ff6\finalfantasy\debug\timemanager.obj
d:\c++\c++ 포트폴리오\github\ff6\finalfantasy\debug\timer.obj
d:\c++\c++ 포트폴리오\github\ff6\finalfantasy\debug\tina.obj
d:\c++\c++ 포트폴리오\github\ff6\finalfantasy\debug\titlescene.obj
d:\c++\c++ 포트폴리오\github\ff6\finalfantasy\debug\tornadoshark.obj
d:\c++\c++ 포트폴리오\github\ff6\finalfantasy\debug\txtdata.obj
d:\c++\c++ 포트폴리오\github\ff6\finalfantasy\debug\utils.obj
d:\c++\c++ 포트폴리오\github\ff6\finalfantasy\debug\vectorpup.obj
d:\c++\c++ 포트폴리오\github\ff6\finalfantasy\debug\winmain.obj
d:\c++\c++ 포트폴리오\github\ff6\finalfantasy\debug\enemy.obj
d:\c++\c++ 포트폴리오\github\ff6\finalfantasy\debug\equipmenu.obj
d:\c++\c++ 포트폴리오\github\ff6\finalfantasy\debug\gamemenumanager.obj
d:\c++\c++ 포트폴리오\github\ff6\finalfantasy\debug\gamenode.obj
d:\c++\c++ 포트폴리오\github\ff6\finalfantasy\debug\gobbler.obj
d:\c++\c++ 포트폴리오\github\ff6\finalfantasy\debug\guard.obj
d:\c++\c++ 포트폴리오\github\ff6\finalfantasy\debug\image.obj
d:\c++\c++ 포트폴리오\github\ff6\finalfantasy\debug\imagemanager.obj
d:\c++\c++ 포트폴리오\github\ff6\finalfantasy\debug\inidatamanager.obj
d:\c++\c++ 포트폴리오\github\ff6\finalfantasy\debug\itemmenu.obj
d:\c++\c++ 포트폴리오\github\ff6\finalfantasy\debug\itemmother.obj
d:\c++\c++ 포트폴리오\github\ff6\finalfantasy\debug\keyanimanager.obj
d:\c++\c++ 포트폴리오\github\ff6\finalfantasy\debug\keymanager.obj
d:\c++\c++ 포트폴리오\github\ff6\finalfantasy\debug\loading.obj
d:\c++\c++ 포트폴리오\github\ff6\finalfantasy\debug\loadingscene.obj
d:\c++\c++ 포트폴리오\github\ff6\finalfantasy\debug\locke.obj
d:\c++\c++ 포트폴리오\github\ff6\finalfantasy\debug\maptool.obj
d:\c++\c++ 포트폴리오\github\ff6\finalfantasy\debug\menu.obj
d:\c++\c++ 포트폴리오\github\ff6\finalfantasy\debug\openingscene.obj
d:\c++\c++ 포트폴리오\github\ff6\finalfantasy\debug\playermanager.obj
d:\c++\c++ 포트폴리오\github\ff6\finalfantasy\debug\abilitiesmenu.obj
d:\c++\c++ 포트폴리오\github\ff6\finalfantasy\debug\action.obj
d:\c++\c++ 포트폴리오\github\ff6\finalfantasy\debug\animation.obj
d:\c++\c++ 포트폴리오\github\ff6\finalfantasy\debug\battleceles.obj
d:\c++\c++ 포트폴리오\github\ff6\finalfantasy\debug\battlelocke.obj
d:\c++\c++ 포트폴리오\github\ff6\finalfantasy\debug\battleplayermother.obj
d:\c++\c++ 포트폴리오\github\ff6\finalfantasy\debug\battlescene.obj
d:\c++\c++ 포트폴리오\github\ff6\finalfantasy\debug\battleshadow.obj
d:\c++\c++ 포트폴리오\github\ff6\finalfantasy\debug\battletina.obj
d:\c++\c++ 포트폴리오\github\ff6\finalfantasy\debug\bear.obj
d:\c++\c++ 포트폴리오\github\ff6\finalfantasy\debug\bossatma.obj
d:\c++\c++ 포트폴리오\github\ff6\finalfantasy\debug\button.obj
d:\c++\c++ 포트폴리오\github\ff6\finalfantasy\debug\celes.obj
d:\c++\c++ 포트폴리오\github\ff6\finalfantasy\debug\collision.obj
d:\c++\c++ 포트폴리오\github\ff6\finalfantasy\debug\configmenu.obj
d:\c++\c++ 포트폴리오\github\ff6\finalfantasy\debug\covert.obj
d:\c++\c++ 포트폴리오\github\ff6\finalfantasy\debug\darkwind.obj
d:\c++\c++ 포트폴리오\github\ff6\finalfantasy\debug\database.obj
d:\c++\c++ 포트폴리오\github\ff6\finalfantasy\debug\effect.obj
d:\c++\c++ 포트폴리오\github\ff6\finalfantasy\debug\effectmanager.obj
d:\c++\c++ 포트폴리오\github\ff6\finalfantasy\debug\optionmenu.obj
d:\c++\c++ 포트폴리오\github\ff6\finalfantasy\debug\finalfantasy1.res
d:\c++\c++ 포트폴리오\github\ff6\finalfantasy\debug\finalfantasy.exe
d:\c++\c++ 포트폴리오\github\ff6\finalfantasy\debug\finalfantasy.ilk
d:\c++\c++ 포트폴리오\github\ff6\finalfantasy\debug\finalfantasy.pdb
d:\c++\c++ 포트폴리오\github\ff6\finalfantasy\debug\finalfantasy.tlog\cl.read.1.tlog
d:\c++\c++ 포트폴리오\github\ff6\finalfantasy\debug\finalfantasy.tlog\cl.write.1.tlog
d:\c++\c++ 포트폴리오\github\ff6\finalfantasy\debug\finalfantasy.tlog\cl.command.1.tlog
d:\c++\c++ 포트폴리오\github\ff6\finalfantasy\debug\finalfantasy.tlog\rc.read.1.tlog
d:\c++\c++ 포트폴리오\github\ff6\finalfantasy\debug\finalfantasy.tlog\rc.write.1.tlog
d:\c++\c++ 포트폴리오\github\ff6\finalfantasy\debug\finalfantasy.tlog\rc.command.1.tlog
d:\c++\c++ 포트폴리오\github\ff6\finalfantasy\debug\finalfantasy.tlog\link.read.1.tlog
d:\c++\c++ 포트폴리오\github\ff6\finalfantasy\debug\finalfantasy.tlog\link.write.1.tlog
d:\c++\c++ 포트폴리오\github\ff6\finalfantasy\debug\finalfantasy.tlog\link.command.1.tlog
